<?xml version="1.0" encoding="UTF-8"?>
<testsuite xmlns:xsi="http://www.w3.org/2001/XMLSchema-instance" xsi:noNamespaceSchemaLocation="https://maven.apache.org/surefire/maven-surefire-plugin/xsd/surefire-test-report.xsd" name="popcorn.TestRunner" time="6.47" tests="1" errors="0" skipped="0" failures="0">
  <properties>
    <property name="gopherProxySet" value="false"/>
    <property name="awt.toolkit" value="sun.lwawt.macosx.LWCToolkit"/>
    <property name="java.specification.version" value="11"/>
    <property name="sun.cpu.isalist" value=""/>
    <property name="sun.jnu.encoding" value="UTF-8"/>
    <property name="java.class.path" value="/Users/maniswa/Apiframework/target/test-classes:/Users/maniswa/Apiframework/target/classes:/Users/maniswa/.m2/repository/com/intuit/karate/karate-core/1.1.0/karate-core-1.1.0.jar:/Users/maniswa/.m2/repository/org/graalvm/js/js-scriptengine/21.2.0/js-scriptengine-21.2.0.jar:/Users/maniswa/.m2/repository/org/graalvm/sdk/graal-sdk/21.2.0/graal-sdk-21.2.0.jar:/Users/maniswa/.m2/repository/org/graalvm/js/js/21.2.0/js-21.2.0.jar:/Users/maniswa/.m2/repository/org/graalvm/regex/regex/21.2.0/regex-21.2.0.jar:/Users/maniswa/.m2/repository/org/graalvm/truffle/truffle-api/21.2.0/truffle-api-21.2.0.jar:/Users/maniswa/.m2/repository/com/ibm/icu/icu4j/69.1/icu4j-69.1.jar:/Users/maniswa/.m2/repository/ch/qos/logback/logback-classic/1.2.3/logback-classic-1.2.3.jar:/Users/maniswa/.m2/repository/ch/qos/logback/logback-core/1.2.3/logback-core-1.2.3.jar:/Users/maniswa/.m2/repository/org/slf4j/slf4j-api/1.7.25/slf4j-api-1.7.25.jar:/Users/maniswa/.m2/repository/org/slf4j/jcl-over-slf4j/1.7.25/jcl-over-slf4j-1.7.25.jar:/Users/maniswa/.m2/repository/com/jayway/jsonpath/json-path/2.6.0/json-path-2.6.0.jar:/Users/maniswa/.m2/repository/net/minidev/json-smart/2.4.7/json-smart-2.4.7.jar:/Users/maniswa/.m2/repository/net/minidev/accessors-smart/2.4.7/accessors-smart-2.4.7.jar:/Users/maniswa/.m2/repository/org/ow2/asm/asm/9.1/asm-9.1.jar:/Users/maniswa/.m2/repository/info/cukes/cucumber-java/1.2.5/cucumber-java-1.2.5.jar:/Users/maniswa/.m2/repository/info/cukes/cucumber-core/1.2.5/cucumber-core-1.2.5.jar:/Users/maniswa/.m2/repository/org/yaml/snakeyaml/1.29/snakeyaml-1.29.jar:/Users/maniswa/.m2/repository/de/siegmar/fastcsv/2.0.0/fastcsv-2.0.0.jar:/Users/maniswa/.m2/repository/info/picocli/picocli/4.6.1/picocli-4.6.1.jar:/Users/maniswa/.m2/repository/com/intuit/karate/karate-gatling/1.1.0/karate-gatling-1.1.0.jar:/Users/maniswa/.m2/repository/io/gatling/highcharts/gatling-charts-highcharts/3.6.0/gatling-charts-highcharts-3.6.0.jar:/Users/maniswa/.m2/repository/org/scala-lang/scala-library/2.13.6/scala-library-2.13.6.jar:/Users/maniswa/.m2/repository/io/gatling/gatling-app/3.6.0/gatling-app-3.6.0.jar:/Users/maniswa/.m2/repository/io/gatling/gatling-core/3.6.0/gatling-core-3.6.0.jar:/Users/maniswa/.m2/repository/io/gatling/gatling-commons/3.6.0/gatling-commons-3.6.0.jar:/Users/maniswa/.m2/repository/io/gatling/gatling-commons-shared/3.6.0/gatling-commons-shared-3.6.0.jar:/Users/maniswa/.m2/repository/org/scala-lang/scala-reflect/2.13.6/scala-reflect-2.13.6.jar:/Users/maniswa/.m2/repository/io/suzaku/boopickle_2.13/1.3.3/boopickle_2.13-1.3.3.jar:/Users/maniswa/.m2/repository/io/gatling/gatling-commons-shared-unstable/3.6.0/gatling-commons-shared-unstable-3.6.0.jar:/Users/maniswa/.m2/repository/org/typelevel/spire-macros_2.13/0.17.0/spire-macros_2.13-0.17.0.jar:/Users/maniswa/.m2/repository/com/typesafe/scala-logging/scala-logging_2.13/3.9.3/scala-logging_2.13-3.9.3.jar:/Users/maniswa/.m2/repository/io/gatling/gatling-jsonpath/3.6.0/gatling-jsonpath-3.6.0.jar:/Users/maniswa/.m2/repository/com/typesafe/akka/akka-slf4j_2.13/2.6.14/akka-slf4j_2.13-2.6.14.jar:/Users/maniswa/.m2/repository/org/simpleflatmapper/lightning-csv/8.2.3/lightning-csv-8.2.3.jar:/Users/maniswa/.m2/repository/org/simpleflatmapper/sfm-util/8.2.3/sfm-util-8.2.3.jar:/Users/maniswa/.m2/repository/com/github/ben-manes/caffeine/caffeine/2.9.1/caffeine-2.9.1.jar:/Users/maniswa/.m2/repository/io/pebbletemplates/pebble/3.1.5/pebble-3.1.5.jar:/Users/maniswa/.m2/repository/org/unbescape/unbescape/1.1.6.RELEASE/unbescape-1.1.6.RELEASE.jar:/Users/maniswa/.m2/repository/org/scala-lang/modules/scala-parser-combinators_2.13/2.0.0/scala-parser-combinators_2.13-2.0.0.jar:/Users/maniswa/.m2/repository/com/github/scopt/scopt_2.13/3.7.1/scopt_2.13-3.7.1.jar:/Users/maniswa/.m2/repository/io/netty/netty-handler/4.1.64.Final/netty-handler-4.1.64.Final.jar:/Users/maniswa/.m2/repository/io/netty/netty-common/4.1.64.Final/netty-common-4.1.64.Final.jar:/Users/maniswa/.m2/repository/io/netty/netty-resolver/4.1.64.Final/netty-resolver-4.1.64.Final.jar:/Users/maniswa/.m2/repository/io/netty/netty-buffer/4.1.64.Final/netty-buffer-4.1.64.Final.jar:/Users/maniswa/.m2/repository/io/netty/netty-transport/4.1.64.Final/netty-transport-4.1.64.Final.jar:/Users/maniswa/.m2/repository/io/netty/netty-codec/4.1.64.Final/netty-codec-4.1.64.Final.jar:/Users/maniswa/.m2/repository/com/softwaremill/quicklens/quicklens_2.13/1.7.2/quicklens_2.13-1.7.2.jar:/Users/maniswa/.m2/repository/net/sf/saxon/Saxon-HE/10.5/Saxon-HE-10.5.jar:/Users/maniswa/.m2/repository/org/jodd/jodd-lagarto/6.0.5/jodd-lagarto-6.0.5.jar:/Users/maniswa/.m2/repository/org/jodd/jodd-util/6.0.1/jodd-util-6.0.1.jar:/Users/maniswa/.m2/repository/io/burt/jmespath-jackson/0.5.0/jmespath-jackson-0.5.0.jar:/Users/maniswa/.m2/repository/io/burt/jmespath-core/0.5.0/jmespath-core-0.5.0.jar:/Users/maniswa/.m2/repository/io/gatling/gatling-http/3.6.0/gatling-http-3.6.0.jar:/Users/maniswa/.m2/repository/io/gatling/gatling-http-client/3.6.0/gatling-http-client-3.6.0.jar:/Users/maniswa/.m2/repository/io/gatling/gatling-netty-util/3.6.0/gatling-netty-util-3.6.0.jar:/Users/maniswa/.m2/repository/io/netty/netty-handler-proxy/4.1.64.Final/netty-handler-proxy-4.1.64.Final.jar:/Users/maniswa/.m2/repository/io/netty/netty-codec-socks/4.1.64.Final/netty-codec-socks-4.1.64.Final.jar:/Users/maniswa/.m2/repository/io/netty/netty-resolver-dns/4.1.64.Final/netty-resolver-dns-4.1.64.Final.jar:/Users/maniswa/.m2/repository/io/netty/netty-codec-dns/4.1.64.Final/netty-codec-dns-4.1.64.Final.jar:/Users/maniswa/.m2/repository/io/netty/netty-transport-native-epoll/4.1.64.Final/netty-transport-native-epoll-4.1.64.Final-linux-x86_64.jar:/Users/maniswa/.m2/repository/io/netty/netty-transport-native-unix-common/4.1.64.Final/netty-transport-native-unix-common-4.1.64.Final.jar:/Users/maniswa/.m2/repository/io/netty/netty-codec-http2/4.1.64.Final/netty-codec-http2-4.1.64.Final.jar:/Users/maniswa/.m2/repository/io/netty/netty-tcnative-boringssl-static/2.0.39.Final/netty-tcnative-boringssl-static-2.0.39.Final.jar:/Users/maniswa/.m2/repository/com/aayushatharva/brotli4j/brotli4j/1.4.2/brotli4j-1.4.2.jar:/Users/maniswa/.m2/repository/com/aayushatharva/brotli4j/native-linux-x86_64/1.4.2/native-linux-x86_64-1.4.2.jar:/Users/maniswa/.m2/repository/com/aayushatharva/brotli4j/native-linux-aarch64/1.4.2/native-linux-aarch64-1.4.2.jar:/Users/maniswa/.m2/repository/com/aayushatharva/brotli4j/native-osx-x86_64/1.4.2/native-osx-x86_64-1.4.2.jar:/Users/maniswa/.m2/repository/com/aayushatharva/brotli4j/native-windows-x86_64/1.4.2/native-windows-x86_64-1.4.2.jar:/Users/maniswa/.m2/repository/io/gatling/gatling-jms/3.6.0/gatling-jms-3.6.0.jar:/Users/maniswa/.m2/repository/javax/jms/javax.jms-api/2.0.1/javax.jms-api-2.0.1.jar:/Users/maniswa/.m2/repository/com/eatthepath/fast-uuid/0.1/fast-uuid-0.1.jar:/Users/maniswa/.m2/repository/io/gatling/gatling-jdbc/3.6.0/gatling-jdbc-3.6.0.jar:/Users/maniswa/.m2/repository/io/gatling/gatling-redis/3.6.0/gatling-redis-3.6.0.jar:/Users/maniswa/.m2/repository/net/debasishg/redisclient_2.13/3.30/redisclient_2.13-3.30.jar:/Users/maniswa/.m2/repository/org/apache/commons/commons-pool2/2.8.0/commons-pool2-2.8.0.jar:/Users/maniswa/.m2/repository/io/gatling/gatling-graphite/3.6.0/gatling-graphite-3.6.0.jar:/Users/maniswa/.m2/repository/org/hdrhistogram/HdrHistogram/2.1.12/HdrHistogram-2.1.12.jar:/Users/maniswa/.m2/repository/io/gatling/gatling-charts/3.6.0/gatling-charts-3.6.0.jar:/Users/maniswa/.m2/repository/com/tdunning/t-digest/3.1/t-digest-3.1.jar:/Users/maniswa/.m2/repository/io/gatling/gatling-recorder/3.6.0/gatling-recorder-3.6.0.jar:/Users/maniswa/.m2/repository/org/scala-lang/modules/scala-swing_2.13/3.0.0/scala-swing_2.13-3.0.0.jar:/Users/maniswa/.m2/repository/org/bouncycastle/bcpkix-jdk15on/1.68/bcpkix-jdk15on-1.68.jar:/Users/maniswa/.m2/repository/org/bouncycastle/bcprov-jdk15on/1.68/bcprov-jdk15on-1.68.jar:/Users/maniswa/.m2/repository/com/typesafe/akka/akka-actor_2.13/2.6.14/akka-actor_2.13-2.6.14.jar:/Users/maniswa/.m2/repository/com/typesafe/config/1.4.0/config-1.4.0.jar:/Users/maniswa/.m2/repository/org/scala-lang/modules/scala-java8-compat_2.13/0.9.0/scala-java8-compat_2.13-0.9.0.jar:/Users/maniswa/.m2/repository/com/intuit/karate/karate-junit4/1.1.0/karate-junit4-1.1.0.jar:/Users/maniswa/.m2/repository/com/intuit/karate/karate-jersey/0.9.6/karate-jersey-0.9.6.jar:/Users/maniswa/.m2/repository/org/glassfish/jersey/core/jersey-client/2.30/jersey-client-2.30.jar:/Users/maniswa/.m2/repository/jakarta/ws/rs/jakarta.ws.rs-api/2.1.6/jakarta.ws.rs-api-2.1.6.jar:/Users/maniswa/.m2/repository/org/glassfish/jersey/core/jersey-common/2.30/jersey-common-2.30.jar:/Users/maniswa/.m2/repository/jakarta/annotation/jakarta.annotation-api/1.3.5/jakarta.annotation-api-1.3.5.jar:/Users/maniswa/.m2/repository/org/glassfish/hk2/osgi-resource-locator/1.0.3/osgi-resource-locator-1.0.3.jar:/Users/maniswa/.m2/repository/com/sun/activation/jakarta.activation/1.2.1/jakarta.activation-1.2.1.jar:/Users/maniswa/.m2/repository/org/glassfish/hk2/external/jakarta.inject/2.6.1/jakarta.inject-2.6.1.jar:/Users/maniswa/.m2/repository/org/glassfish/jersey/inject/jersey-hk2/2.30/jersey-hk2-2.30.jar:/Users/maniswa/.m2/repository/org/glassfish/hk2/hk2-locator/2.6.1/hk2-locator-2.6.1.jar:/Users/maniswa/.m2/repository/org/glassfish/hk2/external/aopalliance-repackaged/2.6.1/aopalliance-repackaged-2.6.1.jar:/Users/maniswa/.m2/repository/org/glassfish/hk2/hk2-api/2.6.1/hk2-api-2.6.1.jar:/Users/maniswa/.m2/repository/org/glassfish/hk2/hk2-utils/2.6.1/hk2-utils-2.6.1.jar:/Users/maniswa/.m2/repository/org/javassist/javassist/3.25.0-GA/javassist-3.25.0-GA.jar:/Users/maniswa/.m2/repository/org/glassfish/jersey/media/jersey-media-multipart/2.30/jersey-media-multipart-2.30.jar:/Users/maniswa/.m2/repository/org/jvnet/mimepull/mimepull/1.9.11/mimepull-1.9.11.jar:/Users/maniswa/.m2/repository/net/masterthought/cucumber-reporting/5.3.0/cucumber-reporting-5.3.0.jar:/Users/maniswa/.m2/repository/com/fasterxml/jackson/core/jackson-databind/2.10.1/jackson-databind-2.10.1.jar:/Users/maniswa/.m2/repository/com/fasterxml/jackson/core/jackson-annotations/2.10.1/jackson-annotations-2.10.1.jar:/Users/maniswa/.m2/repository/com/fasterxml/jackson/core/jackson-core/2.10.1/jackson-core-2.10.1.jar:/Users/maniswa/.m2/repository/com/fasterxml/jackson/datatype/jackson-datatype-jsr310/2.10.1/jackson-datatype-jsr310-2.10.1.jar:/Users/maniswa/.m2/repository/org/apache/velocity/velocity-engine-core/2.1/velocity-engine-core-2.1.jar:/Users/maniswa/.m2/repository/commons-collections/commons-collections/3.2.2/commons-collections-3.2.2.jar:/Users/maniswa/.m2/repository/joda-time/joda-time/2.10.5/joda-time-2.10.5.jar:/Users/maniswa/.m2/repository/org/apache/commons/commons-lang3/3.9/commons-lang3-3.9.jar:/Users/maniswa/.m2/repository/commons-io/commons-io/2.6/commons-io-2.6.jar:/Users/maniswa/.m2/repository/org/codehaus/plexus/plexus-utils/3.3.0/plexus-utils-3.3.0.jar:/Users/maniswa/.m2/repository/org/jsoup/jsoup/1.12.1/jsoup-1.12.1.jar:/Users/maniswa/.m2/repository/com/googlecode/owasp-java-html-sanitizer/owasp-java-html-sanitizer/20191001.1/owasp-java-html-sanitizer-20191001.1.jar:/Users/maniswa/.m2/repository/com/google/guava/guava/27.1-jre/guava-27.1-jre.jar:/Users/maniswa/.m2/repository/com/google/guava/failureaccess/1.0.1/failureaccess-1.0.1.jar:/Users/maniswa/.m2/repository/com/google/guava/listenablefuture/9999.0-empty-to-avoid-conflict-with-guava/listenablefuture-9999.0-empty-to-avoid-conflict-with-guava.jar:/Users/maniswa/.m2/repository/com/google/code/findbugs/jsr305/3.0.2/jsr305-3.0.2.jar:/Users/maniswa/.m2/repository/org/checkerframework/checker-qual/2.5.2/checker-qual-2.5.2.jar:/Users/maniswa/.m2/repository/com/google/errorprone/error_prone_annotations/2.2.0/error_prone_annotations-2.2.0.jar:/Users/maniswa/.m2/repository/com/google/j2objc/j2objc-annotations/1.1/j2objc-annotations-1.1.jar:/Users/maniswa/.m2/repository/org/codehaus/mojo/animal-sniffer-annotations/1.17/animal-sniffer-annotations-1.17.jar:/Users/maniswa/.m2/repository/commons-configuration/commons-configuration/1.10/commons-configuration-1.10.jar:/Users/maniswa/.m2/repository/commons-lang/commons-lang/2.6/commons-lang-2.6.jar:/Users/maniswa/.m2/repository/commons-logging/commons-logging/1.1.1/commons-logging-1.1.1.jar:/Users/maniswa/.m2/repository/junit/junit/4.13/junit-4.13.jar:/Users/maniswa/.m2/repository/org/hamcrest/hamcrest-core/1.3/hamcrest-core-1.3.jar:/Users/maniswa/.m2/repository/com/google/code/gson/gson/2.8.6/gson-2.8.6.jar:/Users/maniswa/.m2/repository/org/json/json/20190722/json-20190722.jar:/Users/maniswa/.m2/repository/com/oracle/ojdbc/ojdbc8/19.3.0.0/ojdbc8-19.3.0.0.jar:/Users/maniswa/.m2/repository/com/oracle/ojdbc/ucp/19.3.0.0/ucp-19.3.0.0.jar:/Users/maniswa/.m2/repository/com/oracle/ojdbc/oraclepki/19.3.0.0/oraclepki-19.3.0.0.jar:/Users/maniswa/.m2/repository/com/oracle/ojdbc/osdt_cert/19.3.0.0/osdt_cert-19.3.0.0.jar:/Users/maniswa/.m2/repository/com/oracle/ojdbc/osdt_core/19.3.0.0/osdt_core-19.3.0.0.jar:/Users/maniswa/.m2/repository/com/oracle/ojdbc/simplefan/19.3.0.0/simplefan-19.3.0.0.jar:/Users/maniswa/.m2/repository/com/oracle/ojdbc/ons/19.3.0.0/ons-19.3.0.0.jar:/Users/maniswa/.m2/repository/org/springframework/spring-jdbc/5.2.4.RELEASE/spring-jdbc-5.2.4.RELEASE.jar:/Users/maniswa/.m2/repository/org/springframework/spring-beans/5.2.4.RELEASE/spring-beans-5.2.4.RELEASE.jar:/Users/maniswa/.m2/repository/org/springframework/spring-core/5.2.4.RELEASE/spring-core-5.2.4.RELEASE.jar:/Users/maniswa/.m2/repository/org/springframework/spring-jcl/5.2.4.RELEASE/spring-jcl-5.2.4.RELEASE.jar:/Users/maniswa/.m2/repository/org/springframework/spring-tx/5.2.4.RELEASE/spring-tx-5.2.4.RELEASE.jar:/Users/maniswa/.m2/repository/org/apache/poi/poi/4.1.2/poi-4.1.2.jar:/Users/maniswa/.m2/repository/commons-codec/commons-codec/1.13/commons-codec-1.13.jar:/Users/maniswa/.m2/repository/org/apache/commons/commons-collections4/4.4/commons-collections4-4.4.jar:/Users/maniswa/.m2/repository/org/apache/commons/commons-math3/3.6.1/commons-math3-3.6.1.jar:/Users/maniswa/.m2/repository/com/zaxxer/SparseBitSet/1.2/SparseBitSet-1.2.jar:/Users/maniswa/.m2/repository/org/apache/poi/poi-ooxml/4.1.2/poi-ooxml-4.1.2.jar:/Users/maniswa/.m2/repository/org/apache/poi/poi-ooxml-schemas/4.1.2/poi-ooxml-schemas-4.1.2.jar:/Users/maniswa/.m2/repository/org/apache/xmlbeans/xmlbeans/3.1.0/xmlbeans-3.1.0.jar:/Users/maniswa/.m2/repository/org/apache/commons/commons-compress/1.19/commons-compress-1.19.jar:/Users/maniswa/.m2/repository/com/github/virtuald/curvesapi/1.06/curvesapi-1.06.jar:/Users/maniswa/.m2/repository/com/vimalselvam/cucumber-extentsreport/3.0.2/cucumber-extentsreport-3.0.2.jar:/Users/maniswa/.m2/repository/com/aventstack/extentreports/3.1.2/extentreports-3.1.2.jar:/Users/maniswa/.m2/repository/org/freemarker/freemarker/2.3.23/freemarker-2.3.23.jar:/Users/maniswa/.m2/repository/org/mongodb/mongodb-driver/3.3.0/mongodb-driver-3.3.0.jar:/Users/maniswa/.m2/repository/org/mongodb/bson/3.3.0/bson-3.3.0.jar:/Users/maniswa/.m2/repository/org/mongodb/mongodb-driver-core/3.3.0/mongodb-driver-core-3.3.0.jar:/Users/maniswa/.m2/repository/org/apache/httpcomponents/httpclient/4.5.2/httpclient-4.5.2.jar:/Users/maniswa/.m2/repository/org/apache/httpcomponents/httpcore/4.4.4/httpcore-4.4.4.jar:/Users/maniswa/.m2/repository/org/apache/httpcomponents/httpmime/4.5.2/httpmime-4.5.2.jar:"/>
    <property name="java.vm.vendor" value="Oracle Corporation"/>
    <property name="sun.arch.data.model" value="64"/>
    <property name="java.vendor.url" value="https://openjdk.java.net/"/>
    <property name="user.timezone" value=""/>
    <property name="java.vm.specification.version" value="11"/>
    <property name="os.name" value="Mac OS X"/>
    <property name="sun.java.launcher" value="SUN_STANDARD"/>
    <property name="user.country" value="IN"/>
    <property name="sun.boot.library.path" value="/Library/Java/JavaVirtualMachines/jdk-11.0.12.jdk/Contents/Home/lib"/>
    <property name="sun.java.command" value="/Users/maniswa/Apiframework/target/surefire/surefirebooter7232255147357476819.jar /Users/maniswa/Apiframework/target/surefire 2022-01-25T09-39-04_106-jvmRun1 surefire10173000421328919676tmp surefire_04252355750009225631tmp"/>
    <property name="http.nonProxyHosts" value="local|*.local|169.254/16|*.169.254/16"/>
    <property name="jdk.debug" value="release"/>
    <property name="surefire.test.class.path" value="/Users/maniswa/Apiframework/target/test-classes:/Users/maniswa/Apiframework/target/classes:/Users/maniswa/.m2/repository/com/intuit/karate/karate-core/1.1.0/karate-core-1.1.0.jar:/Users/maniswa/.m2/repository/org/graalvm/js/js-scriptengine/21.2.0/js-scriptengine-21.2.0.jar:/Users/maniswa/.m2/repository/org/graalvm/sdk/graal-sdk/21.2.0/graal-sdk-21.2.0.jar:/Users/maniswa/.m2/repository/org/graalvm/js/js/21.2.0/js-21.2.0.jar:/Users/maniswa/.m2/repository/org/graalvm/regex/regex/21.2.0/regex-21.2.0.jar:/Users/maniswa/.m2/repository/org/graalvm/truffle/truffle-api/21.2.0/truffle-api-21.2.0.jar:/Users/maniswa/.m2/repository/com/ibm/icu/icu4j/69.1/icu4j-69.1.jar:/Users/maniswa/.m2/repository/ch/qos/logback/logback-classic/1.2.3/logback-classic-1.2.3.jar:/Users/maniswa/.m2/repository/ch/qos/logback/logback-core/1.2.3/logback-core-1.2.3.jar:/Users/maniswa/.m2/repository/org/slf4j/slf4j-api/1.7.25/slf4j-api-1.7.25.jar:/Users/maniswa/.m2/repository/org/slf4j/jcl-over-slf4j/1.7.25/jcl-over-slf4j-1.7.25.jar:/Users/maniswa/.m2/repository/com/jayway/jsonpath/json-path/2.6.0/json-path-2.6.0.jar:/Users/maniswa/.m2/repository/net/minidev/json-smart/2.4.7/json-smart-2.4.7.jar:/Users/maniswa/.m2/repository/net/minidev/accessors-smart/2.4.7/accessors-smart-2.4.7.jar:/Users/maniswa/.m2/repository/org/ow2/asm/asm/9.1/asm-9.1.jar:/Users/maniswa/.m2/repository/info/cukes/cucumber-java/1.2.5/cucumber-java-1.2.5.jar:/Users/maniswa/.m2/repository/info/cukes/cucumber-core/1.2.5/cucumber-core-1.2.5.jar:/Users/maniswa/.m2/repository/org/yaml/snakeyaml/1.29/snakeyaml-1.29.jar:/Users/maniswa/.m2/repository/de/siegmar/fastcsv/2.0.0/fastcsv-2.0.0.jar:/Users/maniswa/.m2/repository/info/picocli/picocli/4.6.1/picocli-4.6.1.jar:/Users/maniswa/.m2/repository/com/intuit/karate/karate-gatling/1.1.0/karate-gatling-1.1.0.jar:/Users/maniswa/.m2/repository/io/gatling/highcharts/gatling-charts-highcharts/3.6.0/gatling-charts-highcharts-3.6.0.jar:/Users/maniswa/.m2/repository/org/scala-lang/scala-library/2.13.6/scala-library-2.13.6.jar:/Users/maniswa/.m2/repository/io/gatling/gatling-app/3.6.0/gatling-app-3.6.0.jar:/Users/maniswa/.m2/repository/io/gatling/gatling-core/3.6.0/gatling-core-3.6.0.jar:/Users/maniswa/.m2/repository/io/gatling/gatling-commons/3.6.0/gatling-commons-3.6.0.jar:/Users/maniswa/.m2/repository/io/gatling/gatling-commons-shared/3.6.0/gatling-commons-shared-3.6.0.jar:/Users/maniswa/.m2/repository/org/scala-lang/scala-reflect/2.13.6/scala-reflect-2.13.6.jar:/Users/maniswa/.m2/repository/io/suzaku/boopickle_2.13/1.3.3/boopickle_2.13-1.3.3.jar:/Users/maniswa/.m2/repository/io/gatling/gatling-commons-shared-unstable/3.6.0/gatling-commons-shared-unstable-3.6.0.jar:/Users/maniswa/.m2/repository/org/typelevel/spire-macros_2.13/0.17.0/spire-macros_2.13-0.17.0.jar:/Users/maniswa/.m2/repository/com/typesafe/scala-logging/scala-logging_2.13/3.9.3/scala-logging_2.13-3.9.3.jar:/Users/maniswa/.m2/repository/io/gatling/gatling-jsonpath/3.6.0/gatling-jsonpath-3.6.0.jar:/Users/maniswa/.m2/repository/com/typesafe/akka/akka-slf4j_2.13/2.6.14/akka-slf4j_2.13-2.6.14.jar:/Users/maniswa/.m2/repository/org/simpleflatmapper/lightning-csv/8.2.3/lightning-csv-8.2.3.jar:/Users/maniswa/.m2/repository/org/simpleflatmapper/sfm-util/8.2.3/sfm-util-8.2.3.jar:/Users/maniswa/.m2/repository/com/github/ben-manes/caffeine/caffeine/2.9.1/caffeine-2.9.1.jar:/Users/maniswa/.m2/repository/io/pebbletemplates/pebble/3.1.5/pebble-3.1.5.jar:/Users/maniswa/.m2/repository/org/unbescape/unbescape/1.1.6.RELEASE/unbescape-1.1.6.RELEASE.jar:/Users/maniswa/.m2/repository/org/scala-lang/modules/scala-parser-combinators_2.13/2.0.0/scala-parser-combinators_2.13-2.0.0.jar:/Users/maniswa/.m2/repository/com/github/scopt/scopt_2.13/3.7.1/scopt_2.13-3.7.1.jar:/Users/maniswa/.m2/repository/io/netty/netty-handler/4.1.64.Final/netty-handler-4.1.64.Final.jar:/Users/maniswa/.m2/repository/io/netty/netty-common/4.1.64.Final/netty-common-4.1.64.Final.jar:/Users/maniswa/.m2/repository/io/netty/netty-resolver/4.1.64.Final/netty-resolver-4.1.64.Final.jar:/Users/maniswa/.m2/repository/io/netty/netty-buffer/4.1.64.Final/netty-buffer-4.1.64.Final.jar:/Users/maniswa/.m2/repository/io/netty/netty-transport/4.1.64.Final/netty-transport-4.1.64.Final.jar:/Users/maniswa/.m2/repository/io/netty/netty-codec/4.1.64.Final/netty-codec-4.1.64.Final.jar:/Users/maniswa/.m2/repository/com/softwaremill/quicklens/quicklens_2.13/1.7.2/quicklens_2.13-1.7.2.jar:/Users/maniswa/.m2/repository/net/sf/saxon/Saxon-HE/10.5/Saxon-HE-10.5.jar:/Users/maniswa/.m2/repository/org/jodd/jodd-lagarto/6.0.5/jodd-lagarto-6.0.5.jar:/Users/maniswa/.m2/repository/org/jodd/jodd-util/6.0.1/jodd-util-6.0.1.jar:/Users/maniswa/.m2/repository/io/burt/jmespath-jackson/0.5.0/jmespath-jackson-0.5.0.jar:/Users/maniswa/.m2/repository/io/burt/jmespath-core/0.5.0/jmespath-core-0.5.0.jar:/Users/maniswa/.m2/repository/io/gatling/gatling-http/3.6.0/gatling-http-3.6.0.jar:/Users/maniswa/.m2/repository/io/gatling/gatling-http-client/3.6.0/gatling-http-client-3.6.0.jar:/Users/maniswa/.m2/repository/io/gatling/gatling-netty-util/3.6.0/gatling-netty-util-3.6.0.jar:/Users/maniswa/.m2/repository/io/netty/netty-handler-proxy/4.1.64.Final/netty-handler-proxy-4.1.64.Final.jar:/Users/maniswa/.m2/repository/io/netty/netty-codec-socks/4.1.64.Final/netty-codec-socks-4.1.64.Final.jar:/Users/maniswa/.m2/repository/io/netty/netty-resolver-dns/4.1.64.Final/netty-resolver-dns-4.1.64.Final.jar:/Users/maniswa/.m2/repository/io/netty/netty-codec-dns/4.1.64.Final/netty-codec-dns-4.1.64.Final.jar:/Users/maniswa/.m2/repository/io/netty/netty-transport-native-epoll/4.1.64.Final/netty-transport-native-epoll-4.1.64.Final-linux-x86_64.jar:/Users/maniswa/.m2/repository/io/netty/netty-transport-native-unix-common/4.1.64.Final/netty-transport-native-unix-common-4.1.64.Final.jar:/Users/maniswa/.m2/repository/io/netty/netty-codec-http2/4.1.64.Final/netty-codec-http2-4.1.64.Final.jar:/Users/maniswa/.m2/repository/io/netty/netty-tcnative-boringssl-static/2.0.39.Final/netty-tcnative-boringssl-static-2.0.39.Final.jar:/Users/maniswa/.m2/repository/com/aayushatharva/brotli4j/brotli4j/1.4.2/brotli4j-1.4.2.jar:/Users/maniswa/.m2/repository/com/aayushatharva/brotli4j/native-linux-x86_64/1.4.2/native-linux-x86_64-1.4.2.jar:/Users/maniswa/.m2/repository/com/aayushatharva/brotli4j/native-linux-aarch64/1.4.2/native-linux-aarch64-1.4.2.jar:/Users/maniswa/.m2/repository/com/aayushatharva/brotli4j/native-osx-x86_64/1.4.2/native-osx-x86_64-1.4.2.jar:/Users/maniswa/.m2/repository/com/aayushatharva/brotli4j/native-windows-x86_64/1.4.2/native-windows-x86_64-1.4.2.jar:/Users/maniswa/.m2/repository/io/gatling/gatling-jms/3.6.0/gatling-jms-3.6.0.jar:/Users/maniswa/.m2/repository/javax/jms/javax.jms-api/2.0.1/javax.jms-api-2.0.1.jar:/Users/maniswa/.m2/repository/com/eatthepath/fast-uuid/0.1/fast-uuid-0.1.jar:/Users/maniswa/.m2/repository/io/gatling/gatling-jdbc/3.6.0/gatling-jdbc-3.6.0.jar:/Users/maniswa/.m2/repository/io/gatling/gatling-redis/3.6.0/gatling-redis-3.6.0.jar:/Users/maniswa/.m2/repository/net/debasishg/redisclient_2.13/3.30/redisclient_2.13-3.30.jar:/Users/maniswa/.m2/repository/org/apache/commons/commons-pool2/2.8.0/commons-pool2-2.8.0.jar:/Users/maniswa/.m2/repository/io/gatling/gatling-graphite/3.6.0/gatling-graphite-3.6.0.jar:/Users/maniswa/.m2/repository/org/hdrhistogram/HdrHistogram/2.1.12/HdrHistogram-2.1.12.jar:/Users/maniswa/.m2/repository/io/gatling/gatling-charts/3.6.0/gatling-charts-3.6.0.jar:/Users/maniswa/.m2/repository/com/tdunning/t-digest/3.1/t-digest-3.1.jar:/Users/maniswa/.m2/repository/io/gatling/gatling-recorder/3.6.0/gatling-recorder-3.6.0.jar:/Users/maniswa/.m2/repository/org/scala-lang/modules/scala-swing_2.13/3.0.0/scala-swing_2.13-3.0.0.jar:/Users/maniswa/.m2/repository/org/bouncycastle/bcpkix-jdk15on/1.68/bcpkix-jdk15on-1.68.jar:/Users/maniswa/.m2/repository/org/bouncycastle/bcprov-jdk15on/1.68/bcprov-jdk15on-1.68.jar:/Users/maniswa/.m2/repository/com/typesafe/akka/akka-actor_2.13/2.6.14/akka-actor_2.13-2.6.14.jar:/Users/maniswa/.m2/repository/com/typesafe/config/1.4.0/config-1.4.0.jar:/Users/maniswa/.m2/repository/org/scala-lang/modules/scala-java8-compat_2.13/0.9.0/scala-java8-compat_2.13-0.9.0.jar:/Users/maniswa/.m2/repository/com/intuit/karate/karate-junit4/1.1.0/karate-junit4-1.1.0.jar:/Users/maniswa/.m2/repository/com/intuit/karate/karate-jersey/0.9.6/karate-jersey-0.9.6.jar:/Users/maniswa/.m2/repository/org/glassfish/jersey/core/jersey-client/2.30/jersey-client-2.30.jar:/Users/maniswa/.m2/repository/jakarta/ws/rs/jakarta.ws.rs-api/2.1.6/jakarta.ws.rs-api-2.1.6.jar:/Users/maniswa/.m2/repository/org/glassfish/jersey/core/jersey-common/2.30/jersey-common-2.30.jar:/Users/maniswa/.m2/repository/jakarta/annotation/jakarta.annotation-api/1.3.5/jakarta.annotation-api-1.3.5.jar:/Users/maniswa/.m2/repository/org/glassfish/hk2/osgi-resource-locator/1.0.3/osgi-resource-locator-1.0.3.jar:/Users/maniswa/.m2/repository/com/sun/activation/jakarta.activation/1.2.1/jakarta.activation-1.2.1.jar:/Users/maniswa/.m2/repository/org/glassfish/hk2/external/jakarta.inject/2.6.1/jakarta.inject-2.6.1.jar:/Users/maniswa/.m2/repository/org/glassfish/jersey/inject/jersey-hk2/2.30/jersey-hk2-2.30.jar:/Users/maniswa/.m2/repository/org/glassfish/hk2/hk2-locator/2.6.1/hk2-locator-2.6.1.jar:/Users/maniswa/.m2/repository/org/glassfish/hk2/external/aopalliance-repackaged/2.6.1/aopalliance-repackaged-2.6.1.jar:/Users/maniswa/.m2/repository/org/glassfish/hk2/hk2-api/2.6.1/hk2-api-2.6.1.jar:/Users/maniswa/.m2/repository/org/glassfish/hk2/hk2-utils/2.6.1/hk2-utils-2.6.1.jar:/Users/maniswa/.m2/repository/org/javassist/javassist/3.25.0-GA/javassist-3.25.0-GA.jar:/Users/maniswa/.m2/repository/org/glassfish/jersey/media/jersey-media-multipart/2.30/jersey-media-multipart-2.30.jar:/Users/maniswa/.m2/repository/org/jvnet/mimepull/mimepull/1.9.11/mimepull-1.9.11.jar:/Users/maniswa/.m2/repository/net/masterthought/cucumber-reporting/5.3.0/cucumber-reporting-5.3.0.jar:/Users/maniswa/.m2/repository/com/fasterxml/jackson/core/jackson-databind/2.10.1/jackson-databind-2.10.1.jar:/Users/maniswa/.m2/repository/com/fasterxml/jackson/core/jackson-annotations/2.10.1/jackson-annotations-2.10.1.jar:/Users/maniswa/.m2/repository/com/fasterxml/jackson/core/jackson-core/2.10.1/jackson-core-2.10.1.jar:/Users/maniswa/.m2/repository/com/fasterxml/jackson/datatype/jackson-datatype-jsr310/2.10.1/jackson-datatype-jsr310-2.10.1.jar:/Users/maniswa/.m2/repository/org/apache/velocity/velocity-engine-core/2.1/velocity-engine-core-2.1.jar:/Users/maniswa/.m2/repository/commons-collections/commons-collections/3.2.2/commons-collections-3.2.2.jar:/Users/maniswa/.m2/repository/joda-time/joda-time/2.10.5/joda-time-2.10.5.jar:/Users/maniswa/.m2/repository/org/apache/commons/commons-lang3/3.9/commons-lang3-3.9.jar:/Users/maniswa/.m2/repository/commons-io/commons-io/2.6/commons-io-2.6.jar:/Users/maniswa/.m2/repository/org/codehaus/plexus/plexus-utils/3.3.0/plexus-utils-3.3.0.jar:/Users/maniswa/.m2/repository/org/jsoup/jsoup/1.12.1/jsoup-1.12.1.jar:/Users/maniswa/.m2/repository/com/googlecode/owasp-java-html-sanitizer/owasp-java-html-sanitizer/20191001.1/owasp-java-html-sanitizer-20191001.1.jar:/Users/maniswa/.m2/repository/com/google/guava/guava/27.1-jre/guava-27.1-jre.jar:/Users/maniswa/.m2/repository/com/google/guava/failureaccess/1.0.1/failureaccess-1.0.1.jar:/Users/maniswa/.m2/repository/com/google/guava/listenablefuture/9999.0-empty-to-avoid-conflict-with-guava/listenablefuture-9999.0-empty-to-avoid-conflict-with-guava.jar:/Users/maniswa/.m2/repository/com/google/code/findbugs/jsr305/3.0.2/jsr305-3.0.2.jar:/Users/maniswa/.m2/repository/org/checkerframework/checker-qual/2.5.2/checker-qual-2.5.2.jar:/Users/maniswa/.m2/repository/com/google/errorprone/error_prone_annotations/2.2.0/error_prone_annotations-2.2.0.jar:/Users/maniswa/.m2/repository/com/google/j2objc/j2objc-annotations/1.1/j2objc-annotations-1.1.jar:/Users/maniswa/.m2/repository/org/codehaus/mojo/animal-sniffer-annotations/1.17/animal-sniffer-annotations-1.17.jar:/Users/maniswa/.m2/repository/commons-configuration/commons-configuration/1.10/commons-configuration-1.10.jar:/Users/maniswa/.m2/repository/commons-lang/commons-lang/2.6/commons-lang-2.6.jar:/Users/maniswa/.m2/repository/commons-logging/commons-logging/1.1.1/commons-logging-1.1.1.jar:/Users/maniswa/.m2/repository/junit/junit/4.13/junit-4.13.jar:/Users/maniswa/.m2/repository/org/hamcrest/hamcrest-core/1.3/hamcrest-core-1.3.jar:/Users/maniswa/.m2/repository/com/google/code/gson/gson/2.8.6/gson-2.8.6.jar:/Users/maniswa/.m2/repository/org/json/json/20190722/json-20190722.jar:/Users/maniswa/.m2/repository/com/oracle/ojdbc/ojdbc8/19.3.0.0/ojdbc8-19.3.0.0.jar:/Users/maniswa/.m2/repository/com/oracle/ojdbc/ucp/19.3.0.0/ucp-19.3.0.0.jar:/Users/maniswa/.m2/repository/com/oracle/ojdbc/oraclepki/19.3.0.0/oraclepki-19.3.0.0.jar:/Users/maniswa/.m2/repository/com/oracle/ojdbc/osdt_cert/19.3.0.0/osdt_cert-19.3.0.0.jar:/Users/maniswa/.m2/repository/com/oracle/ojdbc/osdt_core/19.3.0.0/osdt_core-19.3.0.0.jar:/Users/maniswa/.m2/repository/com/oracle/ojdbc/simplefan/19.3.0.0/simplefan-19.3.0.0.jar:/Users/maniswa/.m2/repository/com/oracle/ojdbc/ons/19.3.0.0/ons-19.3.0.0.jar:/Users/maniswa/.m2/repository/org/springframework/spring-jdbc/5.2.4.RELEASE/spring-jdbc-5.2.4.RELEASE.jar:/Users/maniswa/.m2/repository/org/springframework/spring-beans/5.2.4.RELEASE/spring-beans-5.2.4.RELEASE.jar:/Users/maniswa/.m2/repository/org/springframework/spring-core/5.2.4.RELEASE/spring-core-5.2.4.RELEASE.jar:/Users/maniswa/.m2/repository/org/springframework/spring-jcl/5.2.4.RELEASE/spring-jcl-5.2.4.RELEASE.jar:/Users/maniswa/.m2/repository/org/springframework/spring-tx/5.2.4.RELEASE/spring-tx-5.2.4.RELEASE.jar:/Users/maniswa/.m2/repository/org/apache/poi/poi/4.1.2/poi-4.1.2.jar:/Users/maniswa/.m2/repository/commons-codec/commons-codec/1.13/commons-codec-1.13.jar:/Users/maniswa/.m2/repository/org/apache/commons/commons-collections4/4.4/commons-collections4-4.4.jar:/Users/maniswa/.m2/repository/org/apache/commons/commons-math3/3.6.1/commons-math3-3.6.1.jar:/Users/maniswa/.m2/repository/com/zaxxer/SparseBitSet/1.2/SparseBitSet-1.2.jar:/Users/maniswa/.m2/repository/org/apache/poi/poi-ooxml/4.1.2/poi-ooxml-4.1.2.jar:/Users/maniswa/.m2/repository/org/apache/poi/poi-ooxml-schemas/4.1.2/poi-ooxml-schemas-4.1.2.jar:/Users/maniswa/.m2/repository/org/apache/xmlbeans/xmlbeans/3.1.0/xmlbeans-3.1.0.jar:/Users/maniswa/.m2/repository/org/apache/commons/commons-compress/1.19/commons-compress-1.19.jar:/Users/maniswa/.m2/repository/com/github/virtuald/curvesapi/1.06/curvesapi-1.06.jar:/Users/maniswa/.m2/repository/com/vimalselvam/cucumber-extentsreport/3.0.2/cucumber-extentsreport-3.0.2.jar:/Users/maniswa/.m2/repository/com/aventstack/extentreports/3.1.2/extentreports-3.1.2.jar:/Users/maniswa/.m2/repository/org/freemarker/freemarker/2.3.23/freemarker-2.3.23.jar:/Users/maniswa/.m2/repository/org/mongodb/mongodb-driver/3.3.0/mongodb-driver-3.3.0.jar:/Users/maniswa/.m2/repository/org/mongodb/bson/3.3.0/bson-3.3.0.jar:/Users/maniswa/.m2/repository/org/mongodb/mongodb-driver-core/3.3.0/mongodb-driver-core-3.3.0.jar:/Users/maniswa/.m2/repository/org/apache/httpcomponents/httpclient/4.5.2/httpclient-4.5.2.jar:/Users/maniswa/.m2/repository/org/apache/httpcomponents/httpcore/4.4.4/httpcore-4.4.4.jar:/Users/maniswa/.m2/repository/org/apache/httpcomponents/httpmime/4.5.2/httpmime-4.5.2.jar:"/>
    <property name="sun.cpu.endian" value="little"/>
    <property name="user.home" value="/Users/maniswa"/>
    <property name="user.language" value="en"/>
    <property name="java.specification.vendor" value="Oracle Corporation"/>
    <property name="java.version.date" value="2021-07-20"/>
    <property name="java.home" value="/Library/Java/JavaVirtualMachines/jdk-11.0.12.jdk/Contents/Home"/>
    <property name="file.separator" value="/"/>
    <property name="basedir" value="/Users/maniswa/Apiframework"/>
    <property name="java.vm.compressedOopsMode" value="Zero based"/>
    <property name="line.separator" value="&#10;"/>
    <property name="java.specification.name" value="Java Platform API Specification"/>
    <property name="java.vm.specification.vendor" value="Oracle Corporation"/>
    <property name="java.awt.graphicsenv" value="sun.awt.CGraphicsEnvironment"/>
    <property name="surefire.real.class.path" value="/Users/maniswa/Apiframework/target/surefire/surefirebooter7232255147357476819.jar"/>
    <property name="sun.management.compiler" value="HotSpot 64-Bit Tiered Compilers"/>
    <property name="ftp.nonProxyHosts" value="local|*.local|169.254/16|*.169.254/16"/>
    <property name="java.runtime.version" value="11.0.12+8-LTS-237"/>
    <property name="user.name" value="maniswa"/>
    <property name="path.separator" value=":"/>
    <property name="os.version" value="11.1"/>
    <property name="java.runtime.name" value="Java(TM) SE Runtime Environment"/>
    <property name="file.encoding" value="US-ASCII"/>
    <property name="java.vm.name" value="Java HotSpot(TM) 64-Bit Server VM"/>
    <property name="java.vendor.version" value="18.9"/>
    <property name="localRepository" value="/Users/maniswa/.m2/repository"/>
    <property name="java.vendor.url.bug" value="https://bugreport.java.com/bugreport/"/>
    <property name="java.io.tmpdir" value="/var/folders/lz/59b8yx5j5vl73n3jd6cdwwh80000gn/T/"/>
    <property name="java.version" value="11.0.12"/>
    <property name="user.dir" value="/Users/maniswa/Apiframework"/>
    <property name="os.arch" value="x86_64"/>
    <property name="java.vm.specification.name" value="Java Virtual Machine Specification"/>
    <property name="java.awt.printerjob" value="sun.lwawt.macosx.CPrinterJob"/>
    <property name="sun.os.patch.level" value="unknown"/>
    <property name="java.library.path" value="/Users/maniswa/Library/Java/Extensions:/Library/Java/Extensions:/Network/Library/Java/Extensions:/System/Library/Java/Extensions:/usr/lib/java:."/>
    <property name="java.vendor" value="Oracle Corporation"/>
    <property name="java.vm.info" value="mixed mode"/>
    <property name="java.vm.version" value="11.0.12+8-LTS-237"/>
    <property name="sun.io.unicode.encoding" value="UnicodeBig"/>
    <property name="java.class.version" value="55.0"/>
    <property name="socksNonProxyHosts" value="local|*.local|169.254/16|*.169.254/16"/>
  </properties>
  <testcase name="testRunner" classname="popcorn.TestRunner" time="6.377"/>
</testsuite>